2024-02-08 09:16:53,224 [Worker-4: Loading available Gradle versions] INFO  o.e.b.c.i.u.g.PublishedGradleVersions - Gradle version information cache is up-to-date. Trying to read.
2024-02-08 09:46:05,597 [Worker-18: Update Maven projects configuration] INFO  o.e.m.c.i.p.ProjectConfigurationManager - Update started
2024-02-08 09:46:10,844 [Worker-18: Update Maven projects configuration] INFO  o.e.m.c.i.l.LifecycleMappingFactory - Using org.eclipse.m2e.jdt.JarLifecycleMapping lifecycle mapping for MavenProject: com.example:PG_Exp_Project:0.0.1-SNAPSHOT @ D:\PG-EXPLORER-PROJECT\Backend\SpringBoot_Java\PG_Exp_Project\pom.xml.
2024-02-08 09:46:26,595 [Worker-14: Updating Maven Dependencies] INFO  o.e.m.c.i.l.LifecycleMappingFactory - Using org.eclipse.m2e.jdt.JarLifecycleMapping lifecycle mapping for MavenProject: com.example:PG_Exp_Project:0.0.1-SNAPSHOT @ D:\PG-EXPLORER-PROJECT\Backend\SpringBoot_Java\PG_Exp_Project\pom.xml.
2024-02-08 09:46:29,887 [Worker-18: Update Maven projects configuration] INFO  o.e.m.j.i.AbstractJavaProjectConfigurator - Adding source folder /PG_Exp_Project/src/main/java
2024-02-08 09:46:29,887 [Worker-18: Update Maven projects configuration] INFO  o.e.m.j.i.AbstractJavaProjectConfigurator - Adding resource folder /PG_Exp_Project/src/main/resources
2024-02-08 09:46:29,934 [Worker-18: Update Maven projects configuration] INFO  o.e.m.j.i.AbstractJavaProjectConfigurator - Adding resource folder /PG_Exp_Project/src/main/resources
2024-02-08 09:46:30,777 [Worker-18: Update Maven projects configuration] INFO  o.e.m.j.i.AbstractJavaProjectConfigurator - Adding source folder /PG_Exp_Project/src/test/java
2024-02-08 09:46:30,778 [Worker-18: Update Maven projects configuration] INFO  o.e.m.j.i.AbstractJavaProjectConfigurator - Adding resource folder /PG_Exp_Project/src/test/resources
2024-02-08 09:46:34,605 [Worker-18: Update Maven projects configuration] INFO  o.e.m.c.i.p.ProjectConfigurationManager - Update completed for 1 poms: local refresh takes 0.00 sec, refresh facades takes 19.00 sec, update config takes 9.00 sec 
2024-02-08 09:46:35,692 [Worker-12: Building] INFO  o.a.m.s.f.DefaultMavenResourcesFiltering - Copying 1 resource from src\main\resources to target\classes
2024-02-08 09:46:35,738 [Worker-12: Building] INFO  o.a.m.s.f.DefaultMavenResourcesFiltering - Copying 0 resource from src\main\resources to target\classes
2024-02-08 09:46:35,747 [Worker-12: Building] INFO  o.a.m.s.f.DefaultMavenResourcesFiltering - skip non existing resourceDirectory D:\PG-EXPLORER-PROJECT\Backend\SpringBoot_Java\PG_Exp_Project\src\test\resources
2024-02-08 09:49:20,225 [Worker-3: Building] INFO  o.a.m.s.f.DefaultMavenResourcesFiltering - Copying 1 resource from src\main\resources to target\classes
2024-02-08 09:49:20,253 [Worker-3: Building] INFO  o.a.m.s.f.DefaultMavenResourcesFiltering - Copying 0 resource from src\main\resources to target\classes
2024-02-08 09:49:20,260 [Worker-3: Building] INFO  o.a.m.s.f.DefaultMavenResourcesFiltering - skip non existing resourceDirectory D:\PG-EXPLORER-PROJECT\Backend\SpringBoot_Java\PG_Exp_Project\src\test\resources
2024-02-08 09:50:11,560 [Start Help Server] INFO  org.eclipse.jetty.server.Server - jetty-10.0.15; built: 2023-04-11T17:25:14.480Z; git: 68017dbd00236bb7e187330d7585a059610f661d; jvm 17.0.8.1+1
2024-02-08 09:50:11,646 [Start Help Server] INFO  o.e.j.s.s.DefaultSessionIdManager - Session workerName=node0
2024-02-08 09:50:11,796 [Start Help Server] INFO  o.e.j.server.handler.ContextHandler - Started o.e.j.s.ServletContextHandler@7a852d1d{/help,null,AVAILABLE}
2024-02-08 09:50:11,868 [Start Help Server] INFO  o.e.jetty.server.AbstractConnector - Started ServerConnector@c0abb1f{HTTP/1.1, (http/1.1)}{127.0.0.1:56930}
2024-02-08 09:50:11,884 [Start Help Server] INFO  org.eclipse.jetty.server.Server - Started Server@36f2ac76{STARTING}[10.0.15,sto=0] @2027114ms
2024-02-08 09:50:37,586 [Worker-22: Building] INFO  o.a.m.s.f.DefaultMavenResourcesFiltering - Copying 1 resource from src\main\resources to target\classes
2024-02-08 09:50:37,594 [Worker-22: Building] INFO  o.a.m.s.f.DefaultMavenResourcesFiltering - Copying 0 resource from src\main\resources to target\classes
2024-02-08 09:50:37,600 [Worker-22: Building] INFO  o.a.m.s.f.DefaultMavenResourcesFiltering - skip non existing resourceDirectory D:\PG-EXPLORER-PROJECT\Backend\SpringBoot_Java\PG_Exp_Project\src\test\resources
2024-02-08 09:51:19,330 [Worker-12: Building] INFO  o.a.m.s.f.DefaultMavenResourcesFiltering - Copying 1 resource from src\main\resources to target\classes
2024-02-08 09:51:19,341 [Worker-12: Building] INFO  o.a.m.s.f.DefaultMavenResourcesFiltering - Copying 0 resource from src\main\resources to target\classes
2024-02-08 09:51:19,348 [Worker-12: Building] INFO  o.a.m.s.f.DefaultMavenResourcesFiltering - skip non existing resourceDirectory D:\PG-EXPLORER-PROJECT\Backend\SpringBoot_Java\PG_Exp_Project\src\test\resources
2024-02-08 09:52:29,326 [Worker-16: Building] INFO  o.a.m.s.f.DefaultMavenResourcesFiltering - Copying 1 resource from src\main\resources to target\classes
2024-02-08 09:52:29,353 [Worker-16: Building] INFO  o.a.m.s.f.DefaultMavenResourcesFiltering - Copying 0 resource from src\main\resources to target\classes
2024-02-08 09:52:29,359 [Worker-16: Building] INFO  o.a.m.s.f.DefaultMavenResourcesFiltering - skip non existing resourceDirectory D:\PG-EXPLORER-PROJECT\Backend\SpringBoot_Java\PG_Exp_Project\src\test\resources
2024-02-08 09:52:55,554 [Worker-17: Building] INFO  o.a.m.s.f.DefaultMavenResourcesFiltering - Copying 1 resource from src\main\resources to target\classes
2024-02-08 09:52:55,568 [Worker-17: Building] INFO  o.a.m.s.f.DefaultMavenResourcesFiltering - Copying 0 resource from src\main\resources to target\classes
2024-02-08 09:52:55,574 [Worker-17: Building] INFO  o.a.m.s.f.DefaultMavenResourcesFiltering - skip non existing resourceDirectory D:\PG-EXPLORER-PROJECT\Backend\SpringBoot_Java\PG_Exp_Project\src\test\resources
2024-02-08 09:53:36,908 [Worker-16: Building] INFO  o.a.m.s.f.DefaultMavenResourcesFiltering - Copying 1 resource from src\main\resources to target\classes
2024-02-08 09:53:36,919 [Worker-16: Building] INFO  o.a.m.s.f.DefaultMavenResourcesFiltering - Copying 0 resource from src\main\resources to target\classes
2024-02-08 09:53:36,926 [Worker-16: Building] INFO  o.a.m.s.f.DefaultMavenResourcesFiltering - skip non existing resourceDirectory D:\PG-EXPLORER-PROJECT\Backend\SpringBoot_Java\PG_Exp_Project\src\test\resources
2024-02-08 16:16:37,540 [Worker-42: Building] INFO  o.a.m.s.f.DefaultMavenResourcesFiltering - Copying 1 resource from src\main\resources to target\classes
2024-02-08 16:16:37,812 [Worker-42: Building] INFO  o.a.m.s.f.DefaultMavenResourcesFiltering - Copying 0 resource from src\main\resources to target\classes
2024-02-08 16:16:37,834 [Worker-42: Building] INFO  o.a.m.s.f.DefaultMavenResourcesFiltering - skip non existing resourceDirectory D:\PG-EXPLORER-PROJECT\Backend\SpringBoot_Java\PG_Exp_Project\src\test\resources
2024-02-08 18:36:08,414 [Stop Help Server] INFO  org.eclipse.jetty.server.Server - Stopped Server@36f2ac76{STOPPING}[10.0.15,sto=0]
2024-02-08 18:36:08,566 [Stop Help Server] INFO  o.e.jetty.server.AbstractConnector - Stopped ServerConnector@c0abb1f{HTTP/1.1, (http/1.1)}{127.0.0.1:0}
2024-02-08 18:36:08,725 [Stop Help Server] INFO  o.e.j.server.handler.ContextHandler - Stopped o.e.j.s.ServletContextHandler@7a852d1d{/help,null,STOPPED}
2024-02-12 12:21:57,563 [Worker-1: Loading available Gradle versions] INFO  o.e.b.c.i.u.g.PublishedGradleVersions - Gradle version information cache is out-of-date. Trying to update.
2024-02-12 12:22:10,086 [Worker-1: Loading available Gradle versions] INFO  o.e.b.c.i.u.g.PublishedGradleVersions - Updating Gradle version information cache failed. Using outdated cache.
2024-02-12 12:22:17,615 [Worker-4: Building] INFO  o.a.m.s.f.DefaultMavenResourcesFiltering - Copying 1 resource from src\main\resources to target\classes
2024-02-12 12:22:18,308 [Worker-4: Building] INFO  o.a.m.s.f.DefaultMavenResourcesFiltering - Copying 0 resource from src\main\resources to target\classes
2024-02-12 12:22:18,336 [Worker-4: Building] INFO  o.a.m.s.f.DefaultMavenResourcesFiltering - skip non existing resourceDirectory D:\PG-EXPLORER-PROJECT\Backend\SpringBoot_Java\PG_Exp_Project\src\test\resources
2024-02-12 12:43:45,296 [Worker-1: Loading available Gradle versions] INFO  o.e.b.c.i.u.g.PublishedGradleVersions - Gradle version information cache is up-to-date. Trying to read.
2024-02-12 12:49:50,313 [Worker-16: Building] INFO  o.a.m.s.f.DefaultMavenResourcesFiltering - Copying 1 resource from src\main\resources to target\classes
2024-02-12 12:49:50,524 [Worker-16: Building] INFO  o.a.m.s.f.DefaultMavenResourcesFiltering - Copying 0 resource from src\main\resources to target\classes
2024-02-12 12:49:50,538 [Worker-16: Building] INFO  o.a.m.s.f.DefaultMavenResourcesFiltering - skip non existing resourceDirectory D:\PG-EXPLORER-PROJECT\Backend\SpringBoot_Java\PG_Exp_Project\src\test\resources
